SBY 22:17:05 [temp] Removing directory '/Users/ramarchit/Desktop/fmsv-project/pipeline_v4/run_GA_72/temp'.
SBY 22:17:05 [temp] Copy '/Users/ramarchit/Desktop/fmsv-project/pipeline_v4/run_GA_72/dut_temp.sv' to '/Users/ramarchit/Desktop/fmsv-project/pipeline_v4/run_GA_72/temp/src/dut_temp.sv'.
SBY 22:17:05 [temp] engine_0: smtbmc z3
SBY 22:17:05 [temp] base: starting process "cd temp/src; yosys -ql ../model/design.log ../model/design.ys"
SBY 22:17:05 [temp] base: finished (returncode=0)
SBY 22:17:05 [temp] prep: starting process "cd temp/model; yosys -ql design_prep.log design_prep.ys"
SBY 22:17:05 [temp] prep: finished (returncode=0)
SBY 22:17:05 [temp] smt2: starting process "cd temp/model; yosys -ql design_smt2.log design_smt2.ys"
SBY 22:17:05 [temp] smt2: finished (returncode=0)
SBY 22:17:05 [temp] engine_0: starting process "cd temp; yosys-smtbmc -s z3 --presat --noprogress -t 20  --append 0 --dump-vcd engine_0/trace.vcd --dump-yw engine_0/trace.yw --dump-vlogtb engine_0/trace_tb.v --dump-smtc engine_0/trace.smtc model/design_smt2.smt2"
SBY 22:17:05 [temp] engine_0: ##   0:00:00  Solver: z3
SBY 22:17:05 [temp] engine_0: ##   0:00:00  Checking assumptions in step 0..
SBY 22:17:05 [temp] engine_0: ##   0:00:00  Checking assertions in step 0..
SBY 22:17:05 [temp] engine_0: ##   0:00:00  Checking assumptions in step 1..
SBY 22:17:05 [temp] engine_0: ##   0:00:00  Checking assertions in step 1..
SBY 22:17:05 [temp] engine_0: ##   0:00:00  Checking assumptions in step 2..
SBY 22:17:05 [temp] engine_0: ##   0:00:00  Checking assertions in step 2..
SBY 22:17:05 [temp] engine_0: ##   0:00:00  Checking assumptions in step 3..
SBY 22:17:05 [temp] engine_0: ##   0:00:00  Checking assertions in step 3..
SBY 22:17:05 [temp] engine_0: ##   0:00:00  Checking assumptions in step 4..
SBY 22:17:05 [temp] engine_0: ##   0:00:00  Checking assertions in step 4..
SBY 22:17:05 [temp] engine_0: ##   0:00:00  Checking assumptions in step 5..
SBY 22:17:05 [temp] engine_0: ##   0:00:00  Checking assertions in step 5..
SBY 22:17:05 [temp] engine_0: ##   0:00:00  Checking assumptions in step 6..
SBY 22:17:05 [temp] engine_0: ##   0:00:00  Checking assertions in step 6..
SBY 22:17:05 [temp] engine_0: ##   0:00:00  Checking assumptions in step 7..
SBY 22:17:05 [temp] engine_0: ##   0:00:00  Checking assertions in step 7..
SBY 22:17:05 [temp] engine_0: ##   0:00:00  Checking assumptions in step 8..
SBY 22:17:05 [temp] engine_0: ##   0:00:00  Checking assertions in step 8..
SBY 22:17:05 [temp] engine_0: ##   0:00:00  Checking assumptions in step 9..
SBY 22:17:05 [temp] engine_0: ##   0:00:00  Checking assertions in step 9..
SBY 22:17:05 [temp] engine_0: ##   0:00:00  Checking assumptions in step 10..
SBY 22:17:05 [temp] engine_0: ##   0:00:00  Checking assertions in step 10..
SBY 22:17:05 [temp] engine_0: ##   0:00:00  Checking assumptions in step 11..
SBY 22:17:05 [temp] engine_0: ##   0:00:00  Checking assertions in step 11..
SBY 22:17:05 [temp] engine_0: ##   0:00:00  Checking assumptions in step 12..
SBY 22:17:05 [temp] engine_0: ##   0:00:00  Checking assertions in step 12..
SBY 22:17:05 [temp] engine_0: ##   0:00:00  Checking assumptions in step 13..
SBY 22:17:05 [temp] engine_0: ##   0:00:00  Checking assertions in step 13..
SBY 22:17:05 [temp] engine_0: ##   0:00:00  Checking assumptions in step 14..
SBY 22:17:05 [temp] engine_0: ##   0:00:00  Checking assertions in step 14..
SBY 22:17:05 [temp] engine_0: ##   0:00:00  Checking assumptions in step 15..
SBY 22:17:05 [temp] engine_0: ##   0:00:00  Checking assertions in step 15..
SBY 22:17:05 [temp] engine_0: ##   0:00:00  Checking assumptions in step 16..
SBY 22:17:05 [temp] engine_0: ##   0:00:00  Checking assertions in step 16..
SBY 22:17:05 [temp] engine_0: ##   0:00:00  Checking assumptions in step 17..
SBY 22:17:05 [temp] engine_0: ##   0:00:00  Checking assertions in step 17..
SBY 22:17:05 [temp] engine_0: ##   0:00:00  Checking assumptions in step 18..
SBY 22:17:05 [temp] engine_0: ##   0:00:00  Checking assertions in step 18..
SBY 22:17:05 [temp] engine_0: ##   0:00:00  Checking assumptions in step 19..
SBY 22:17:05 [temp] engine_0: ##   0:00:00  Checking assertions in step 19..
SBY 22:17:05 [temp] engine_0: ##   0:00:00  Status: passed
SBY 22:17:05 [temp] engine_0: finished (returncode=0)
SBY 22:17:05 [temp] engine_0: Status returned by engine: pass
SBY 22:17:05 [temp] summary: Elapsed clock time [H:MM:SS (secs)]: 0:00:00 (0)
SBY 22:17:05 [temp] summary: Elapsed process time [H:MM:SS (secs)]: 0:00:00 (0)
SBY 22:17:05 [temp] summary: engine_0 (smtbmc z3) returned pass
SBY 22:17:05 [temp] summary: engine_0 did not produce any traces
SBY 22:17:05 [temp] DONE (PASS, rc=0)
